<?xml version="1.0" encoding="UTF-8"?>
<!-- Generated by org.testng.reporters.JUnitXMLReporter -->
<testsuite ignored="0" hostname="CTLT095" failures="0" tests="1" name="Flight Reservation Business Flow 01" time="10.044" errors="0" timestamp="2020-12-16T21:37:08 IST">
  <testcase classname="com.e2e.java.web.automator.testcases.FlightReservation" name="openFlightBookingForm" time="0.0">
    <skipped/>
  </testcase> <!-- openFlightBookingForm -->
</testsuite> <!-- Flight Reservation Business Flow 01 -->
